<?xml version="1.0" encoding="UTF-8"?>
<testng-results ignored="0" total="1" passed="1" failed="0" skipped="0">
  <reporter-output>
  </reporter-output>
  <suite started-at="2021-11-21T12:28:58 BDT" name="Default suite" finished-at="2021-11-21T12:29:16 BDT" duration-ms="18504">
    <groups>
    </groups>
    <test started-at="2021-11-21T12:28:58 BDT" name="Default test" finished-at="2021-11-21T12:29:16 BDT" duration-ms="18504">
      <class name="TestCases.TC_001_LocatorLearning">
        <test-method is-config="true" signature="setDriver()[pri:0, instance:TestCases.TC_001_LocatorLearning@957e06]" started-at="2021-11-21T12:28:54 BDT" name="setDriver" finished-at="2021-11-21T12:28:58 BDT" duration-ms="4218" status="PASS">
          <reporter-output>
          </reporter-output>
        </test-method> <!-- setDriver -->
        <test-method signature="LocateElement()[pri:0, instance:TestCases.TC_001_LocatorLearning@957e06]" started-at="2021-11-21T12:28:58 BDT" name="LocateElement" finished-at="2021-11-21T12:29:16 BDT" duration-ms="18416" status="PASS">
          <reporter-output>
          </reporter-output>
        </test-method> <!-- LocateElement -->
        <test-method is-config="true" signature="close()[pri:0, instance:TestCases.TC_001_LocatorLearning@957e06]" started-at="2021-11-21T12:29:16 BDT" name="close" finished-at="2021-11-21T12:29:17 BDT" duration-ms="613" status="PASS">
          <reporter-output>
          </reporter-output>
        </test-method> <!-- close -->
      </class> <!-- TestCases.TC_001_LocatorLearning -->
    </test> <!-- Default test -->
  </suite> <!-- Default suite -->
</testng-results>
