<?xml version="1.0" encoding="UTF-8"?>
<testng-results ignored="0" total="1" passed="1" failed="0" skipped="0">
  <reporter-output>
  </reporter-output>
  <suite started-at="2021-11-28T23:31:17 BDT" name="Default suite" finished-at="2021-11-28T23:31:35 BDT" duration-ms="17806">
    <groups>
    </groups>
    <test started-at="2021-11-28T23:31:17 BDT" name="Default test" finished-at="2021-11-28T23:31:35 BDT" duration-ms="17806">
      <class name="TestCases.TC_001_LocatorLearning">
        <test-method is-config="true" signature="setDriver()[pri:0, instance:TestCases.TC_001_LocatorLearning@31fa1761]" started-at="2021-11-28T23:31:12 BDT" name="setDriver" finished-at="2021-11-28T23:31:17 BDT" duration-ms="5020" status="PASS">
          <reporter-output>
          </reporter-output>
        </test-method> <!-- setDriver -->
        <test-method signature="LocateElement()[pri:0, instance:TestCases.TC_001_LocatorLearning@31fa1761]" started-at="2021-11-28T23:31:17 BDT" name="LocateElement" finished-at="2021-11-28T23:31:35 BDT" duration-ms="17730" status="PASS">
          <reporter-output>
          </reporter-output>
        </test-method> <!-- LocateElement -->
        <test-method is-config="true" signature="close()[pri:0, instance:TestCases.TC_001_LocatorLearning@31fa1761]" started-at="2021-11-28T23:31:35 BDT" name="close" finished-at="2021-11-28T23:31:35 BDT" duration-ms="329" status="PASS">
          <reporter-output>
          </reporter-output>
        </test-method> <!-- close -->
      </class> <!-- TestCases.TC_001_LocatorLearning -->
    </test> <!-- Default test -->
  </suite> <!-- Default suite -->
</testng-results>
